#-----------------------------------------------------------
# Vivado v2024.2 (64-bit)
# SW Build 5239630 on Fri Nov 08 22:35:27 MST 2024
# IP Build 5239520 on Sun Nov 10 16:12:51 MST 2024
# SharedData Build 5239561 on Fri Nov 08 14:39:27 MST 2024
# Start of session at: Thu May  1 18:23:22 2025
# Process ID         : 13068
# Current directory  : E:/Vitis/Maxi_hls/object_detect_nnbw/hls/impl/ip
# Command line       : vivado.exe -notrace -mode batch -source run_ippack.tcl
# Log file           : E:/Vitis/Maxi_hls/object_detect_nnbw/hls/impl/ip/vivado.log
# Journal file       : E:/Vitis/Maxi_hls/object_detect_nnbw/hls/impl/ip\vivado.jou
# Running On         : FT-6K64K74
# Platform           : Windows Server 2016 or Windows 10
# Operating System   : 26100
# Processor Detail   : Intel(R) Xeon(R) w5-3433
# CPU Frequency      : 1992 MHz
# CPU Physical cores : 16
# CPU Logical cores  : 32
# Host memory        : 136633 MB
# Swap memory        : 8589 MB
# Total Virtual      : 145223 MB
# Available Virtual  : 114463 MB
#-----------------------------------------------------------
source run_ippack.tcl -notrace
INFO: calling package_hls_ip ip_types=vitis sysgen json_file=E:/Vitis/Maxi_hls/object_detect_nnbw/hls/hls_data.json outdir=E:/Vitis/Maxi_hls/object_detect_nnbw/hls/impl/ip srcdir=E:/Vitis/Maxi_hls/object_detect_nnbw/hls sort_interfaces_ports=false
INFO: Copied 1 ipmisc file(s) to E:/Vitis/Maxi_hls/object_detect_nnbw/hls/impl/ip/misc
INFO: Copied 82 verilog file(s) to E:/Vitis/Maxi_hls/object_detect_nnbw/hls/impl/ip/hdl/verilog
INFO: Copied 48 vhdl file(s) to E:/Vitis/Maxi_hls/object_detect_nnbw/hls/impl/ip/hdl/vhdl
INFO: Copied 10 swdriver file(s) to E:/Vitis/Maxi_hls/object_detect_nnbw/hls/impl/ip/drivers
INFO: Import ports from HDL: E:/Vitis/Maxi_hls/object_detect_nnbw/hls/impl/ip/hdl/vhdl/object_detect_nnbw.vhd (object_detect_nnbw)
INFO: Add axi4lite interface s_axi_control
INFO: Add clock interface ap_clk
INFO: Add reset interface ap_rst_n
INFO: Add interrupt interface interrupt
INFO: [IP_Flow 19-234] Refreshing IP repositories
INFO: [IP_Flow 19-1704] No user IP repositories specified
INFO: [IP_Flow 19-2313] Loaded Vivado IP repository 'C:/Xilinx/Vivado/2024.2/data/ip'.
INFO: Add axi4full interface m_axi_gmem
INFO: Calling post_process_vitis to specialize IP
INFO: Calling post_process_sysgen to specialize IP
Generating sysgen info xml from json file
INFO: Created IP E:/Vitis/Maxi_hls/object_detect_nnbw/hls/impl/ip/component.xml
INFO: Created IP archive E:/Vitis/Maxi_hls/object_detect_nnbw/hls/impl/ip/xilinx_com_hls_object_detect_nnbw_1_0.zip
INFO: [Common 17-206] Exiting Vivado at Thu May  1 18:23:33 2025...
