E:\Vitis\Maxi_hls\object_detect_nnbw\hls\.autopilot\db\nn.pp.0.cpp:2271:5: warning: Added loop label VITIS_LOOP_676_1:   [xilinx-label-all-loops]
    for (unsigned i = low; i != high+1; ++i) {
    ^~~
    VITIS_LOOP_676_1: 
E:\Vitis\Maxi_hls\object_detect_nnbw\hls\.autopilot\db\nn.pp.0.cpp:2271:5: note: FIX-IT applied suggested code changes
E:\Vitis\Maxi_hls\object_detect_nnbw\hls\.autopilot\db\nn.pp.0.cpp:2285:5: warning: Added loop label VITIS_LOOP_690_1:   [xilinx-label-all-loops]
    for (unsigned i = low; i != high+1; ++i) {
    ^~~
    VITIS_LOOP_690_1: 
E:\Vitis\Maxi_hls\object_detect_nnbw\hls\.autopilot\db\nn.pp.0.cpp:2285:5: note: FIX-IT applied suggested code changes
E:\Vitis\Maxi_hls\object_detect_nnbw\hls\.autopilot\db\nn.pp.0.cpp:2299:5: warning: Added loop label VITIS_LOOP_704_1:   [xilinx-label-all-loops]
    for (unsigned i = low; i != high+1; ++i) {
    ^~~
    VITIS_LOOP_704_1: 
E:\Vitis\Maxi_hls\object_detect_nnbw\hls\.autopilot\db\nn.pp.0.cpp:2299:5: note: FIX-IT applied suggested code changes
E:\Vitis\Maxi_hls\object_detect_nnbw\hls\.autopilot\db\nn.pp.0.cpp:3921:7: warning: Added loop label VITIS_LOOP_1248_1:   [xilinx-label-all-loops]
      for (i = 0; i < __N - 1; ++i) {
      ^~~
      VITIS_LOOP_1248_1: 
E:\Vitis\Maxi_hls\object_detect_nnbw\hls\.autopilot\db\nn.pp.0.cpp:3921:7: note: FIX-IT applied suggested code changes
E:\Vitis\Maxi_hls\object_detect_nnbw\hls\.autopilot\db\nn.pp.0.cpp:6162:5: warning: Added loop label VITIS_LOOP_38_1:   [xilinx-label-all-loops]
    for (int i = 0; i < 32; i++) {
    ^~~
    VITIS_LOOP_38_1: 
E:\Vitis\Maxi_hls\object_detect_nnbw\hls\.autopilot\db\nn.pp.0.cpp:6162:5: note: FIX-IT applied suggested code changes
E:\Vitis\Maxi_hls\object_detect_nnbw\hls\.autopilot\db\nn.pp.0.cpp:6166:9: warning: Added loop label VITIS_LOOP_42_2:   [xilinx-label-all-loops]
        for (int j = 0; j < 1024; j++) {
        ^~~
        VITIS_LOOP_42_2: 
E:\Vitis\Maxi_hls\object_detect_nnbw\hls\.autopilot\db\nn.pp.0.cpp:6166:9: note: FIX-IT applied suggested code changes
E:\Vitis\Maxi_hls\object_detect_nnbw\hls\.autopilot\db\nn.pp.0.cpp:6178:5: warning: Added loop label VITIS_LOOP_54_3:   [xilinx-label-all-loops]
    for (int i = 0; i < 4; i++) {
    ^~~
    VITIS_LOOP_54_3: 
E:\Vitis\Maxi_hls\object_detect_nnbw\hls\.autopilot\db\nn.pp.0.cpp:6178:5: note: FIX-IT applied suggested code changes
E:\Vitis\Maxi_hls\object_detect_nnbw\hls\.autopilot\db\nn.pp.0.cpp:6182:9: warning: Added loop label VITIS_LOOP_58_4:   [xilinx-label-all-loops]
        for (int j = 0; j < 32; j++) {
        ^~~
        VITIS_LOOP_58_4: 
E:\Vitis\Maxi_hls\object_detect_nnbw\hls\.autopilot\db\nn.pp.0.cpp:6182:9: note: FIX-IT applied suggested code changes
