================================================================
== Design Size Report
================================================================

* Total Instructions per Compilation Phase
+---------------+-----------------------------+--------------+----------------------------------------------------------------------------------------+
| Phase         | Step                        | Instructions | Description                                                                            |
+---------------+-----------------------------+--------------+----------------------------------------------------------------------------------------+
| Compile/Link  |                             | 1,007        | After all functions are compiled and linked into a single design                       |
|               |                             |              |                                                                                        |
| Unroll/Inline |                             |              | After user unroll and inline pragmas are applied                                       |
|               | (1) unroll                  |   183        | user unroll pragmas are applied                                                        |
|               | (2) simplification          |   105        | simplification of applied user unroll pragmas                                          |
|               | (3) inline                  |   104        | user inline pragmas are applied                                                        |
|               | (4) simplification          |   104        | simplification of applied user inline pragmas                                          |
|               |                             |              |                                                                                        |
| Array/Struct  |                             |              | After user array partition and struct aggregate/disaggregate pragmas are applied       |
|               | (1) array partition         |    96        | user array partition pragmas are applied                                               |
|               | (2) simplification          |    93        | simplification of applied user array partition & struct aggregate/disaggregate pragmas |
|               | (3) aggregate/disaggregate  |    93        | user struct aggregate/disaggregate pragmas are applied                                 |
|               | (4) array reshape           |    93        | apply array reshape pragmas                                                            |
|               | (5) access patterns         |   104        | array access pattern optmizations                                                      |
|               |                             |              |                                                                                        |
| Performance   |                             |              | After transformations are applied to meet performance pragma targets                   |
|               | (1) loop simplification     |   102        | loop and instruction simplification                                                    |
|               | (2) parallelization         |   493        | loops are unrolled or pipelined to meet performance targets                            |
|               | (3) array partition         | 1,599        | arrays are partitioned to meet performance targets                                     |
|               | (4) simplification          |   565        | simplification of design after performance transformations                             |
|               |                             |              |                                                                                        |
| HW Transforms |                             |              | After hardware transfomations                                                          |
|               | (1) lowering                |   571        | initial conversion to HW specific instructions                                         |
|               | (2) optimizations           |   589        | high level synthesis optimizations                                                     |
+---------------+-----------------------------+--------------+----------------------------------------------------------------------------------------+

* Instructions per Function for each Compilation Phase
+----------------------+-----------+--------------+---------------+--------------+-------------+---------------+
| Function             | Location  | Compile/Link | Unroll/Inline | Array/Struct | Performance | HW Transforms |
+----------------------+-----------+--------------+---------------+--------------+-------------+---------------+
|   object_detect_nnbw | nn.cpp:13 | 1,007        | 104           | 104          | 565         | 589           |
+----------------------+-----------+--------------+---------------+--------------+-------------+---------------+

* Design Size Message Settings
+---------------------------------------------+--------+------------------------------------------------------------------+
| Message Setting                             | Value  | Description                                                      |
+---------------------------------------------+--------+------------------------------------------------------------------+
| config_compile -design_size_maximum_warning | 100000 | Show a warning when total design instructions exceeds this value |
+---------------------------------------------+--------+------------------------------------------------------------------+


